------------------------------------------------------------------------------------------------------------------------

[2025-01-16 18:05:05 #1 store] 
Database 'E:\Curso 24-25\Acceso a datos\eclipse-workspace\UD04_ObjectDB_Campeonato\data\campeonato.odb' is opened by 1292@A10-02

[2025-01-16 18:05:05 #2 store] 
Configuration path: ?

[2025-01-16 18:05:05 #3 type] 
Type campeonato.modelo.Jugador is not enhanced.

[2025-01-16 18:05:05 #4 type] 
Type campeonato.modelo.Equipo is not enhanced.

[2025-01-16 18:05:05 #5 type] 
Type campeonato.modelo.Fecha is not enhanced.

[2025-01-16 18:05:05 #6 type] 
Type campeonato.modelo.Partido is not enhanced.

[2025-01-16 18:05:05 #7 type] 
Type campeonato.modelo.Resultado is not enhanced.

[2025-01-16 18:05:05 #8 store] 
Database 'E:\Curso 24-25\Acceso a datos\eclipse-workspace\UD04_ObjectDB_Campeonato\data\campeonato.odb' is closed by 1292@A10-02

------------------------------------------------------------------------------------------------------------------------

[2025-01-16 18:10:51 #1 store] 
Database 'E:\Curso 24-25\Acceso a datos\eclipse-workspace\UD04_ObjectDB_Campeonato\data\campeonato.odb' is opened by 1376@A10-02

[2025-01-16 18:10:51 #2 store] 
Configuration path: ?

[2025-01-16 18:10:51 #3 type] 
Type campeonato.modelo.Jugador is not enhanced.

[2025-01-16 18:10:51 #4 type] 
Type campeonato.modelo.Equipo is not enhanced.

[2025-01-16 18:10:51 #5 type] 
Type campeonato.modelo.Fecha is not enhanced.

[2025-01-16 18:10:51 #6 type] 
Type campeonato.modelo.Partido is not enhanced.

[2025-01-16 18:10:51 #7 type] 
Type campeonato.modelo.Resultado is not enhanced.

[2025-01-16 18:10:51 #8 store] 
Database 'E:\Curso 24-25\Acceso a datos\eclipse-workspace\UD04_ObjectDB_Campeonato\data\campeonato.odb' is closed by 1376@A10-02

[2025-01-16 18:10:54 #9 store] 
Database 'E:\Curso 24-25\Acceso a datos\eclipse-workspace\UD04_ObjectDB_Campeonato\data\campeonato.odb' is opened by 1376@A10-02

[2025-01-16 18:10:54 #10 store] 
Configuration path: ?

[2025-01-16 18:10:54 #11 store] 
Database 'E:\Curso 24-25\Acceso a datos\eclipse-workspace\UD04_ObjectDB_Campeonato\data\campeonato.odb' is closed by 1376@A10-02

------------------------------------------------------------------------------------------------------------------------

[2025-01-16 18:21:19 #1 store] 
Database 'E:\Curso 24-25\Acceso a datos\eclipse-workspace\UD04_ObjectDB_Campeonato\data\campeonato.odb' is opened by 1560@A10-02

[2025-01-16 18:21:19 #2 store] 
Configuration path: ?

[2025-01-16 18:21:19 #3 type] 
Type campeonato.modelo.Jugador is not enhanced.

[2025-01-16 18:21:19 #4 type] 
Type campeonato.modelo.Equipo is not enhanced.

[2025-01-16 18:21:19 #5 type] 
Type campeonato.modelo.Fecha is not enhanced.

[2025-01-16 18:21:19 #6 type] 
Type campeonato.modelo.Partido is not enhanced.

[2025-01-16 18:21:19 #7 type] 
Type campeonato.modelo.Resultado is not enhanced.

[2025-01-16 18:21:19 #8 store] 
Database 'E:\Curso 24-25\Acceso a datos\eclipse-workspace\UD04_ObjectDB_Campeonato\data\campeonato.odb' is closed by 1560@A10-02

------------------------------------------------------------------------------------------------------------------------

[2025-01-16 18:21:46 #1 store] 
Database 'E:\Curso 24-25\Acceso a datos\eclipse-workspace\UD04_ObjectDB_Campeonato\data\campeonato.odb' is opened by 11208@A10-02

[2025-01-16 18:21:46 #2 store] 
Configuration path: ?

[2025-01-16 18:21:46 #3 type] 
Type campeonato.modelo.Jugador is not enhanced.

[2025-01-16 18:21:46 #4 type] 
Type campeonato.modelo.Equipo is not enhanced.

[2025-01-16 18:21:46 #5 type] 
Type campeonato.modelo.Fecha is not enhanced.

[2025-01-16 18:21:46 #6 type] 
Type campeonato.modelo.Partido is not enhanced.

[2025-01-16 18:21:46 #7 type] 
Type campeonato.modelo.Resultado is not enhanced.

[2025-01-16 18:21:46 #8 store] 
Database 'E:\Curso 24-25\Acceso a datos\eclipse-workspace\UD04_ObjectDB_Campeonato\data\campeonato.odb' is closed by 11208@A10-02

------------------------------------------------------------------------------------------------------------------------

[2025-01-16 18:21:59 #1 store] 
Database 'E:\Curso 24-25\Acceso a datos\eclipse-workspace\UD04_ObjectDB_Campeonato\data\campeonato.odb' is opened by 11732@A10-02

[2025-01-16 18:21:59 #2 store] 
Configuration path: ?

[2025-01-16 18:21:59 #3 type] 
Type campeonato.modelo.Jugador is not enhanced.

[2025-01-16 18:21:59 #4 type] 
Type campeonato.modelo.Equipo is not enhanced.

[2025-01-16 18:21:59 #5 type] 
Type campeonato.modelo.Fecha is not enhanced.

[2025-01-16 18:21:59 #6 type] 
Type campeonato.modelo.Partido is not enhanced.

[2025-01-16 18:21:59 #7 type] 
Type campeonato.modelo.Resultado is not enhanced.

[2025-01-16 18:21:59 #8 store] 
Database 'E:\Curso 24-25\Acceso a datos\eclipse-workspace\UD04_ObjectDB_Campeonato\data\campeonato.odb' is closed by 11732@A10-02

------------------------------------------------------------------------------------------------------------------------

[2025-01-16 18:23:53 #1 store] 
Database 'E:\Curso 24-25\Acceso a datos\eclipse-workspace\UD04_ObjectDB_Campeonato\data\campeonato.odb' is opened by 8652@A10-02

[2025-01-16 18:23:53 #2 store] 
Configuration path: ?

[2025-01-16 18:23:53 #3 type] 
Type campeonato.modelo.Jugador is not enhanced.

[2025-01-16 18:23:53 #4 type] 
Type campeonato.modelo.Equipo is not enhanced.

[2025-01-16 18:23:53 #5 type] 
Type campeonato.modelo.Fecha is not enhanced.

[2025-01-16 18:23:53 #6 type] 
Type campeonato.modelo.Partido is not enhanced.

[2025-01-16 18:23:53 #7 type] 
Type campeonato.modelo.Resultado is not enhanced.

[2025-01-16 18:23:53 #8 store] 
Database 'E:\Curso 24-25\Acceso a datos\eclipse-workspace\UD04_ObjectDB_Campeonato\data\campeonato.odb' is closed by 8652@A10-02

[2025-01-16 18:24:01 #9 store] 
Database 'E:\Curso 24-25\Acceso a datos\eclipse-workspace\UD04_ObjectDB_Campeonato\data\campeonato.odb' is opened by 8652@A10-02

[2025-01-16 18:24:01 #10 store] 
Configuration path: ?

[2025-01-16 18:24:01 #11 store] 
Database 'E:\Curso 24-25\Acceso a datos\eclipse-workspace\UD04_ObjectDB_Campeonato\data\campeonato.odb' is closed by 8652@A10-02

------------------------------------------------------------------------------------------------------------------------

[2025-01-16 18:48:31 #1 store] 
Database 'E:\Curso 24-25\Acceso a datos\eclipse-workspace\UD04_ObjectDB_Campeonato\data\campeonato.odb' is opened by 16772@A10-02

[2025-01-16 18:48:31 #2 store] 
Configuration path: ?

[2025-01-16 18:48:31 #3 type] 
Type campeonato.modelo.Jugador is not enhanced.

[2025-01-16 18:48:31 #4 type] 
Type campeonato.modelo.Equipo is not enhanced.

[2025-01-16 18:48:31 #5 type] 
Type campeonato.modelo.Fecha is not enhanced.

[2025-01-16 18:48:31 #6 type] 
Type campeonato.modelo.Partido is not enhanced.

[2025-01-16 18:48:31 #7 type] 
Type campeonato.modelo.Resultado is not enhanced.

[2025-01-16 18:48:31 #8 store] 
Database 'E:\Curso 24-25\Acceso a datos\eclipse-workspace\UD04_ObjectDB_Campeonato\data\campeonato.odb' is closed by 16772@A10-02

[2025-01-16 18:48:43 #9 store] 
Database 'E:\Curso 24-25\Acceso a datos\eclipse-workspace\UD04_ObjectDB_Campeonato\data\campeonato.odb' is opened by 16772@A10-02

[2025-01-16 18:48:43 #10 store] 
Configuration path: ?

[2025-01-16 18:48:43 #11 store] 
Database 'E:\Curso 24-25\Acceso a datos\eclipse-workspace\UD04_ObjectDB_Campeonato\data\campeonato.odb' is closed by 16772@A10-02

------------------------------------------------------------------------------------------------------------------------

[2025-01-16 18:49:06 #1 store] 
Database 'E:\Curso 24-25\Acceso a datos\eclipse-workspace\UD04_ObjectDB_Campeonato\data\campeonato.odb' is opened by 11232@A10-02

[2025-01-16 18:49:06 #2 store] 
Configuration path: ?

[2025-01-16 18:49:06 #3 type] 
Type campeonato.modelo.Jugador is not enhanced.

[2025-01-16 18:49:06 #4 type] 
Type campeonato.modelo.Equipo is not enhanced.

[2025-01-16 18:49:06 #5 type] 
Type campeonato.modelo.Fecha is not enhanced.

[2025-01-16 18:49:06 #6 type] 
Type campeonato.modelo.Partido is not enhanced.

[2025-01-16 18:49:06 #7 type] 
Type campeonato.modelo.Resultado is not enhanced.

[2025-01-16 18:49:06 #8 store] 
Database 'E:\Curso 24-25\Acceso a datos\eclipse-workspace\UD04_ObjectDB_Campeonato\data\campeonato.odb' is closed by 11232@A10-02

------------------------------------------------------------------------------------------------------------------------

[2025-01-16 18:57:40 #1 store] 
Database 'E:\Curso 24-25\Acceso a datos\eclipse-workspace\UD04_ObjectDB_Campeonato\data\campeonato.odb' is opened by 8376@A10-02

[2025-01-16 18:57:40 #2 store] 
Configuration path: ?

[2025-01-16 18:57:40 #3 type] 
Type campeonato.modelo.Jugador is not enhanced.

[2025-01-16 18:57:40 #4 type] 
Type campeonato.modelo.Equipo is not enhanced.

[2025-01-16 18:57:40 #5 type] 
Type campeonato.modelo.Fecha is not enhanced.

[2025-01-16 18:57:40 #6 type] 
Type campeonato.modelo.Partido is not enhanced.

[2025-01-16 18:57:40 #7 type] 
Type campeonato.modelo.Resultado is not enhanced.

[2025-01-16 18:57:40 #8 store] 
Database 'E:\Curso 24-25\Acceso a datos\eclipse-workspace\UD04_ObjectDB_Campeonato\data\campeonato.odb' is closed by 8376@A10-02

------------------------------------------------------------------------------------------------------------------------

[2025-01-16 19:06:50 #1 store] 
Database 'E:\Curso 24-25\Acceso a datos\eclipse-workspace\UD04_ObjectDB_Campeonato\data\campeonato.odb' is opened by 6948@A10-02

[2025-01-16 19:06:50 #2 store] 
Configuration path: ?

[2025-01-16 19:06:50 #3 type] 
Type campeonato.modelo.Jugador is not enhanced.

[2025-01-16 19:06:50 #4 type] 
Type campeonato.modelo.Equipo is not enhanced.

[2025-01-16 19:06:50 #5 type] 
Type campeonato.modelo.Fecha is not enhanced.

[2025-01-16 19:06:50 #6 type] 
Type campeonato.modelo.Partido is not enhanced.

[2025-01-16 19:06:50 #7 type] 
Type campeonato.modelo.Resultado is not enhanced.

[2025-01-16 19:06:50 #8 store] 
Database 'E:\Curso 24-25\Acceso a datos\eclipse-workspace\UD04_ObjectDB_Campeonato\data\campeonato.odb' is closed by 6948@A10-02

------------------------------------------------------------------------------------------------------------------------

[2025-01-16 19:07:05 #1 store] 
Database 'E:\Curso 24-25\Acceso a datos\eclipse-workspace\UD04_ObjectDB_Campeonato\data\campeonato.odb' is opened by 5376@A10-02

[2025-01-16 19:07:05 #2 store] 
Configuration path: ?

[2025-01-16 19:07:05 #3 type] 
Type campeonato.modelo.Jugador is not enhanced.

[2025-01-16 19:07:05 #4 type] 
Type campeonato.modelo.Equipo is not enhanced.

[2025-01-16 19:07:05 #5 type] 
Type campeonato.modelo.Fecha is not enhanced.

[2025-01-16 19:07:05 #6 type] 
Type campeonato.modelo.Partido is not enhanced.

[2025-01-16 19:07:05 #7 type] 
Type campeonato.modelo.Resultado is not enhanced.

[2025-01-16 19:07:05 #8 store] 
Database 'E:\Curso 24-25\Acceso a datos\eclipse-workspace\UD04_ObjectDB_Campeonato\data\campeonato.odb' is closed by 5376@A10-02

