------------------------------------------------------------------------------------------------------------------------

[2023-12-15 16:11:47 #1 store] 
Database 'C:\Users\eagullo\Documents\DAM2\workspace\UD1 - Ejemplos ObjectDB [Eclipse Java]\UD1 - Ejemplos ObjectDB [Eclipse Java]\data\campeonato.odb' is opened by 7156@DESKTOP-P0UA02U

[2023-12-15 16:11:47 #2 store] 
Configuration path: ?

[2023-12-15 16:11:47 #3 type] 
Type modelo.Jugador is not enhanced.

[2023-12-15 16:11:47 #4 type] 
Type modelo.Equipo is not enhanced.

[2023-12-15 16:11:48 #5 type] 
Type modelo.Partido is not enhanced.

------------------------------------------------------------------------------------------------------------------------

[2023-12-15 16:19:11 #1 store] 
Database 'C:\Users\eagullo\Documents\DAM2\workspace\UD1 - Ejemplos ObjectDB [Eclipse Java]\UD1 - Ejemplos ObjectDB [Eclipse Java]\data\campeonato.odb' is opened by 5644@DESKTOP-P0UA02U

[2023-12-15 16:19:11 #2 store] 
Configuration path: ?

[2023-12-15 16:19:12 #3 type] 
Type modelo.Jugador is not enhanced.

[2023-12-15 16:19:12 #4 type] 
Type modelo.Equipo is not enhanced.

[2023-12-15 16:19:12 #5 type] 
Type modelo.Partido is not enhanced.

[2023-12-15 16:19:12 #6 store] 
Database 'C:\Users\eagullo\Documents\DAM2\workspace\UD1 - Ejemplos ObjectDB [Eclipse Java]\UD1 - Ejemplos ObjectDB [Eclipse Java]\data\campeonato.odb' is closed by 5644@DESKTOP-P0UA02U

------------------------------------------------------------------------------------------------------------------------

[2023-12-15 16:19:46 #1 store] 
Database 'C:\Users\eagullo\Documents\DAM2\workspace\UD1 - Ejemplos ObjectDB [Eclipse Java]\UD1 - Ejemplos ObjectDB [Eclipse Java]\data\campeonato.odb' is opened by 188@DESKTOP-P0UA02U

[2023-12-15 16:19:46 #2 store] 
Configuration path: ?

[2023-12-15 16:19:47 #3 type] 
Type modelo.Jugador is not enhanced.

[2023-12-15 16:19:47 #4 type] 
Type modelo.Equipo is not enhanced.

[2023-12-15 16:19:47 #5 type] 
Type modelo.Partido is not enhanced.

[2023-12-15 16:19:47 #6 store] 
Database 'C:\Users\eagullo\Documents\DAM2\workspace\UD1 - Ejemplos ObjectDB [Eclipse Java]\UD1 - Ejemplos ObjectDB [Eclipse Java]\data\campeonato.odb' is closed by 188@DESKTOP-P0UA02U

------------------------------------------------------------------------------------------------------------------------

[2023-12-15 16:23:41 #1 store] 
Database 'C:\Users\eagullo\Documents\DAM2\workspace\UD1 - Ejemplos ObjectDB [Eclipse Java]\UD1 - Ejemplos ObjectDB [Eclipse Java]\data\campeonato.odb' is opened by 3544@DESKTOP-P0UA02U

[2023-12-15 16:23:41 #2 store] 
Configuration path: ?

[2023-12-15 16:23:41 #3 type] 
Type modelo.Jugador is not enhanced.

[2023-12-15 16:23:41 #4 type] 
Type modelo.Equipo is not enhanced.

[2023-12-15 16:23:41 #5 type] 
Type modelo.Partido is not enhanced.

[2023-12-15 16:23:41 #6 store] 
Database 'C:\Users\eagullo\Documents\DAM2\workspace\UD1 - Ejemplos ObjectDB [Eclipse Java]\UD1 - Ejemplos ObjectDB [Eclipse Java]\data\campeonato.odb' is closed by 3544@DESKTOP-P0UA02U

------------------------------------------------------------------------------------------------------------------------

[2023-12-15 16:24:23 #1 store] 
Database 'C:\Users\eagullo\Documents\DAM2\workspace\UD1 - Ejemplos ObjectDB [Eclipse Java]\UD1 - Ejemplos ObjectDB [Eclipse Java]\data\campeonato.odb' is opened by 5836@DESKTOP-P0UA02U

[2023-12-15 16:24:23 #2 store] 
Configuration path: ?

[2023-12-15 16:24:23 #3 type] 
Type modelo.Jugador is not enhanced.

[2023-12-15 16:24:23 #4 type] 
Type modelo.Equipo is not enhanced.

[2023-12-15 16:24:23 #5 type] 
Type modelo.Partido is not enhanced.

[2023-12-15 16:24:24 #6 store] 
Database 'C:\Users\eagullo\Documents\DAM2\workspace\UD1 - Ejemplos ObjectDB [Eclipse Java]\UD1 - Ejemplos ObjectDB [Eclipse Java]\data\campeonato.odb' is closed by 5836@DESKTOP-P0UA02U

------------------------------------------------------------------------------------------------------------------------

[2023-12-15 16:27:27 #1 store] 
Database 'C:\Users\eagullo\Documents\DAM2\workspace\UD1 - Ejemplos ObjectDB [Eclipse Java]\UD1 - Ejemplos ObjectDB [Eclipse Java]\data\campeonato.odb' is opened by 6540@DESKTOP-P0UA02U

[2023-12-15 16:27:27 #2 store] 
Configuration path: ?

[2023-12-15 16:27:27 #3 type] 
Type modelo.Jugador is not enhanced.

[2023-12-15 16:27:27 #4 type] 
Type modelo.Equipo is not enhanced.

[2023-12-15 16:27:27 #5 type] 
Type modelo.Partido is not enhanced.

[2023-12-15 16:27:27 #6 store] 
Database 'C:\Users\eagullo\Documents\DAM2\workspace\UD1 - Ejemplos ObjectDB [Eclipse Java]\UD1 - Ejemplos ObjectDB [Eclipse Java]\data\campeonato.odb' is closed by 6540@DESKTOP-P0UA02U

------------------------------------------------------------------------------------------------------------------------

[2023-12-15 16:29:34 #1 store] 
Database 'C:\Users\eagullo\Documents\DAM2\workspace\UD1 - Ejemplos ObjectDB [Eclipse Java]\UD1 - Ejemplos ObjectDB [Eclipse Java]\data\campeonato.odb' is opened by 4344@DESKTOP-P0UA02U

[2023-12-15 16:29:34 #2 store] 
Configuration path: ?

[2023-12-15 16:29:34 #3 type] 
Type modelo.Jugador is not enhanced.

[2023-12-15 16:29:34 #4 type] 
Type modelo.Equipo is not enhanced.

[2023-12-15 16:29:34 #5 type] 
Type modelo.Partido is not enhanced.

[2023-12-15 16:29:34 #6 store] 
Database 'C:\Users\eagullo\Documents\DAM2\workspace\UD1 - Ejemplos ObjectDB [Eclipse Java]\UD1 - Ejemplos ObjectDB [Eclipse Java]\data\campeonato.odb' is closed by 4344@DESKTOP-P0UA02U

