------------------------------------------------------------------------------------------------------------------------

[2023-12-14 17:02:19 #1 store] 
Database 'C:\Users\eagullo\Documents\DAM2\workspace\UD1 - Ejemplos ObjectDB [Eclipse Java]\UD1 - Ejemplos ObjectDB [Eclipse Java]\data\campeonato.odb' is opened by 4440@DESKTOP-P0UA02U

[2023-12-14 17:02:20 #2 store] 
Configuration path: ?

[2023-12-14 17:02:20 #3 type] 
Type modelo.Jugador is not enhanced.

[2023-12-14 17:02:20 #4 type] 
Type modelo.Equipo is not enhanced.

[2023-12-14 17:02:20 #5 type] 
Type modelo.Partido is not enhanced.

------------------------------------------------------------------------------------------------------------------------

[2023-12-14 17:04:55 #1 store] 
Database 'C:\Users\eagullo\Documents\DAM2\workspace\UD1 - Ejemplos ObjectDB [Eclipse Java]\UD1 - Ejemplos ObjectDB [Eclipse Java]\data\campeonato.odb' is opened by 6932@DESKTOP-P0UA02U

[2023-12-14 17:04:55 #2 store] 
Configuration path: ?

[2023-12-14 17:04:55 #3 type] 
Type modelo.Jugador is not enhanced.

[2023-12-14 17:04:55 #4 type] 
Type modelo.Equipo is not enhanced.

[2023-12-14 17:04:55 #5 type] 
Type modelo.Partido is not enhanced.

------------------------------------------------------------------------------------------------------------------------

[2023-12-14 17:08:01 #1 store] 
Database 'C:\Users\eagullo\Documents\DAM2\workspace\UD1 - Ejemplos ObjectDB [Eclipse Java]\UD1 - Ejemplos ObjectDB [Eclipse Java]\data\campeonato.odb' is opened by 7060@DESKTOP-P0UA02U

[2023-12-14 17:08:01 #2 store] 
Configuration path: ?

[2023-12-14 17:08:05 #3 type] 
Type modelo.Jugador is not enhanced.

[2023-12-14 17:08:05 #4 type] 
Type modelo.Equipo is not enhanced.

[2023-12-14 17:08:05 #5 type] 
Type modelo.Partido is not enhanced.

------------------------------------------------------------------------------------------------------------------------

[2023-12-14 17:08:26 #1 store] 
Database 'C:\Users\eagullo\Documents\DAM2\workspace\UD1 - Ejemplos ObjectDB [Eclipse Java]\UD1 - Ejemplos ObjectDB [Eclipse Java]\data\campeonato.odb' is opened by 2180@DESKTOP-P0UA02U

[2023-12-14 17:08:26 #2 store] 
Configuration path: ?

[2023-12-14 17:08:30 #3 type] 
Type modelo.Jugador is not enhanced.

[2023-12-14 17:08:30 #4 type] 
Type modelo.Equipo is not enhanced.

[2023-12-14 17:08:30 #5 type] 
Type modelo.Partido is not enhanced.

------------------------------------------------------------------------------------------------------------------------

[2023-12-14 17:09:17 #1 store] 
Database 'C:\Users\eagullo\Documents\DAM2\workspace\UD1 - Ejemplos ObjectDB [Eclipse Java]\UD1 - Ejemplos ObjectDB [Eclipse Java]\data\campeonato.odb' is opened by 784@DESKTOP-P0UA02U

[2023-12-14 17:09:17 #2 store] 
Configuration path: ?

[2023-12-14 17:09:17 #3 type] 
Type modelo.Jugador is not enhanced.

[2023-12-14 17:09:17 #4 type] 
Type modelo.Equipo is not enhanced.

[2023-12-14 17:09:17 #5 type] 
Type modelo.Partido is not enhanced.

------------------------------------------------------------------------------------------------------------------------

[2023-12-14 17:10:56 #1 store] 
Database 'C:\Users\eagullo\Documents\DAM2\workspace\UD1 - Ejemplos ObjectDB [Eclipse Java]\UD1 - Ejemplos ObjectDB [Eclipse Java]\data\campeonato.odb' is opened by 3988@DESKTOP-P0UA02U

[2023-12-14 17:10:56 #2 store] 
Configuration path: ?

[2023-12-14 17:10:57 #3 type] 
Type modelo.Jugador is not enhanced.

[2023-12-14 17:10:57 #4 type] 
Type modelo.Equipo is not enhanced.

[2023-12-14 17:10:57 #5 type] 
Type modelo.Partido is not enhanced.

[2023-12-14 17:10:57 #6 store] 
Database 'C:\Users\eagullo\Documents\DAM2\workspace\UD1 - Ejemplos ObjectDB [Eclipse Java]\UD1 - Ejemplos ObjectDB [Eclipse Java]\data\campeonato.odb' is closed by 3988@DESKTOP-P0UA02U

------------------------------------------------------------------------------------------------------------------------

[2023-12-14 17:11:13 #1 store] 
Database 'C:\Users\eagullo\Documents\DAM2\workspace\UD1 - Ejemplos ObjectDB [Eclipse Java]\UD1 - Ejemplos ObjectDB [Eclipse Java]\data\campeonato.odb' is opened by 6228@DESKTOP-P0UA02U

[2023-12-14 17:11:13 #2 store] 
Configuration path: ?

[2023-12-14 17:11:13 #3 type] 
Type modelo.Jugador is not enhanced.

[2023-12-14 17:11:13 #4 type] 
Type modelo.Equipo is not enhanced.

[2023-12-14 17:11:13 #5 type] 
Type modelo.Partido is not enhanced.

------------------------------------------------------------------------------------------------------------------------

[2023-12-14 17:13:07 #1 store] 
Database 'C:\Users\eagullo\Documents\DAM2\workspace\UD1 - Ejemplos ObjectDB [Eclipse Java]\UD1 - Ejemplos ObjectDB [Eclipse Java]\data\campeonato.odb' is opened by 6732@DESKTOP-P0UA02U

[2023-12-14 17:13:07 #2 store] 
Configuration path: ?

[2023-12-14 17:13:07 #3 type] 
Type modelo.Jugador is not enhanced.

[2023-12-14 17:13:07 #4 type] 
Type modelo.Equipo is not enhanced.

[2023-12-14 17:13:07 #5 type] 
Type modelo.Partido is not enhanced.

------------------------------------------------------------------------------------------------------------------------

[2023-12-14 17:16:50 #1 store] 
Database 'C:\Users\eagullo\Documents\DAM2\workspace\UD1 - Ejemplos ObjectDB [Eclipse Java]\UD1 - Ejemplos ObjectDB [Eclipse Java]\data\campeonato.odb' is opened by 4056@DESKTOP-P0UA02U

[2023-12-14 17:16:50 #2 store] 
Configuration path: ?

[2023-12-14 17:16:51 #3 type] 
Type modelo.Jugador is not enhanced.

[2023-12-14 17:16:51 #4 type] 
Type modelo.Equipo is not enhanced.

[2023-12-14 17:16:51 #5 type] 
Type modelo.Partido is not enhanced.

------------------------------------------------------------------------------------------------------------------------

[2023-12-14 17:17:52 #1 store] 
Database 'C:\Users\eagullo\Documents\DAM2\workspace\UD1 - Ejemplos ObjectDB [Eclipse Java]\UD1 - Ejemplos ObjectDB [Eclipse Java]\data\campeonato.odb' is opened by 8096@DESKTOP-P0UA02U

[2023-12-14 17:17:52 #2 store] 
Configuration path: ?

[2023-12-14 17:17:52 #3 type] 
Type modelo.Jugador is not enhanced.

[2023-12-14 17:17:52 #4 type] 
Type modelo.Equipo is not enhanced.

[2023-12-14 17:17:52 #5 type] 
Type modelo.Partido is not enhanced.

------------------------------------------------------------------------------------------------------------------------

[2023-12-14 17:18:04 #1 store] 
Database 'C:\Users\eagullo\Documents\DAM2\workspace\UD1 - Ejemplos ObjectDB [Eclipse Java]\UD1 - Ejemplos ObjectDB [Eclipse Java]\data\campeonato.odb' is opened by 7580@DESKTOP-P0UA02U

[2023-12-14 17:18:04 #2 store] 
Configuration path: ?

[2023-12-14 17:18:04 #3 type] 
Type modelo.Jugador is not enhanced.

[2023-12-14 17:18:04 #4 type] 
Type modelo.Equipo is not enhanced.

[2023-12-14 17:18:04 #5 type] 
Type modelo.Partido is not enhanced.

------------------------------------------------------------------------------------------------------------------------

[2023-12-14 17:19:01 #1 store] 
Database 'C:\Users\eagullo\Documents\DAM2\workspace\UD1 - Ejemplos ObjectDB [Eclipse Java]\UD1 - Ejemplos ObjectDB [Eclipse Java]\data\campeonato.odb' is opened by 7912@DESKTOP-P0UA02U

[2023-12-14 17:19:01 #2 store] 
Configuration path: ?

[2023-12-14 17:19:02 #3 type] 
Type modelo.Jugador is not enhanced.

[2023-12-14 17:19:02 #4 type] 
Type modelo.Equipo is not enhanced.

[2023-12-14 17:19:02 #5 type] 
Type modelo.Partido is not enhanced.

------------------------------------------------------------------------------------------------------------------------

[2023-12-14 17:19:41 #1 store] 
Database 'C:\Users\eagullo\Documents\DAM2\workspace\UD1 - Ejemplos ObjectDB [Eclipse Java]\UD1 - Ejemplos ObjectDB [Eclipse Java]\data\campeonato.odb' is opened by 2104@DESKTOP-P0UA02U

[2023-12-14 17:19:41 #2 store] 
Configuration path: ?

[2023-12-14 17:19:41 #3 type] 
Type modelo.Jugador is not enhanced.

[2023-12-14 17:19:41 #4 type] 
Type modelo.Equipo is not enhanced.

[2023-12-14 17:19:41 #5 type] 
Type modelo.Partido is not enhanced.

------------------------------------------------------------------------------------------------------------------------

[2023-12-14 17:21:07 #1 store] 
Database 'C:\Users\eagullo\Documents\DAM2\workspace\UD1 - Ejemplos ObjectDB [Eclipse Java]\UD1 - Ejemplos ObjectDB [Eclipse Java]\data\campeonato.odb' is opened by 3352@DESKTOP-P0UA02U

[2023-12-14 17:21:07 #2 store] 
Configuration path: ?

[2023-12-14 17:21:07 #3 type] 
Type modelo.Jugador is not enhanced.

[2023-12-14 17:21:07 #4 type] 
Type modelo.Equipo is not enhanced.

[2023-12-14 17:21:07 #5 type] 
Type modelo.Partido is not enhanced.

------------------------------------------------------------------------------------------------------------------------

[2023-12-14 17:23:58 #1 store] 
Database 'C:\Users\eagullo\Documents\DAM2\workspace\UD1 - Ejemplos ObjectDB [Eclipse Java]\UD1 - Ejemplos ObjectDB [Eclipse Java]\data\campeonato.odb' is opened by 7896@DESKTOP-P0UA02U

[2023-12-14 17:23:58 #2 store] 
Configuration path: ?

[2023-12-14 17:23:58 #3 type] 
Type modelo.Jugador is not enhanced.

[2023-12-14 17:23:58 #4 type] 
Type modelo.Equipo is not enhanced.

[2023-12-14 17:23:58 #5 type] 
Type modelo.Partido is not enhanced.

------------------------------------------------------------------------------------------------------------------------

[2023-12-14 17:25:05 #1 store] 
Database 'C:\Users\eagullo\Documents\DAM2\workspace\UD1 - Ejemplos ObjectDB [Eclipse Java]\UD1 - Ejemplos ObjectDB [Eclipse Java]\data\campeonato.odb' is opened by 7464@DESKTOP-P0UA02U

[2023-12-14 17:25:05 #2 store] 
Configuration path: ?

[2023-12-14 17:25:06 #3 type] 
Type modelo.Jugador is not enhanced.

[2023-12-14 17:25:06 #4 type] 
Type modelo.Equipo is not enhanced.

[2023-12-14 17:25:06 #5 type] 
Type modelo.Partido is not enhanced.

[2023-12-14 17:25:06 #6 store] 
Database 'C:\Users\eagullo\Documents\DAM2\workspace\UD1 - Ejemplos ObjectDB [Eclipse Java]\UD1 - Ejemplos ObjectDB [Eclipse Java]\data\campeonato.odb' is closed by 7464@DESKTOP-P0UA02U

------------------------------------------------------------------------------------------------------------------------

[2023-12-14 17:27:32 #1 store] 
Database 'C:\Users\eagullo\Documents\DAM2\workspace\UD1 - Ejemplos ObjectDB [Eclipse Java]\UD1 - Ejemplos ObjectDB [Eclipse Java]\data\campeonato.odb' is opened by 8000@DESKTOP-P0UA02U

[2023-12-14 17:27:32 #2 store] 
Configuration path: ?

[2023-12-14 17:27:32 #3 type] 
Type modelo.Jugador is not enhanced.

[2023-12-14 17:27:32 #4 type] 
Type modelo.Equipo is not enhanced.

[2023-12-14 17:27:32 #5 type] 
Type modelo.Partido is not enhanced.

[2023-12-14 17:27:32 #6 store] 
Database 'C:\Users\eagullo\Documents\DAM2\workspace\UD1 - Ejemplos ObjectDB [Eclipse Java]\UD1 - Ejemplos ObjectDB [Eclipse Java]\data\campeonato.odb' is closed by 8000@DESKTOP-P0UA02U

------------------------------------------------------------------------------------------------------------------------

[2023-12-14 17:44:25 #1 store] 
Database 'C:\Users\eagullo\Documents\DAM2\workspace\UD1 - Ejemplos ObjectDB [Eclipse Java]\UD1 - Ejemplos ObjectDB [Eclipse Java]\data\campeonato.odb' is opened by 4264@DESKTOP-P0UA02U

[2023-12-14 17:44:25 #2 store] 
Configuration path: ?

[2023-12-14 17:44:25 #3 type] 
Type modelo.Jugador is not enhanced.

[2023-12-14 17:44:25 #4 type] 
Type modelo.Equipo is not enhanced.

[2023-12-14 17:44:25 #5 type] 
Type modelo.Partido is not enhanced.

------------------------------------------------------------------------------------------------------------------------

[2023-12-14 17:47:22 #1 store] 
Database 'C:\Users\eagullo\Documents\DAM2\workspace\UD1 - Ejemplos ObjectDB [Eclipse Java]\UD1 - Ejemplos ObjectDB [Eclipse Java]\data\campeonato.odb' is opened by 7468@DESKTOP-P0UA02U

[2023-12-14 17:47:22 #2 store] 
Configuration path: ?

[2023-12-14 17:47:22 #3 type] 
Type modelo.Jugador is not enhanced.

[2023-12-14 17:47:22 #4 type] 
Type modelo.Equipo is not enhanced.

[2023-12-14 17:47:22 #5 type] 
Type modelo.Partido is not enhanced.

[2023-12-14 17:47:22 #6 store] 
Database 'C:\Users\eagullo\Documents\DAM2\workspace\UD1 - Ejemplos ObjectDB [Eclipse Java]\UD1 - Ejemplos ObjectDB [Eclipse Java]\data\campeonato.odb' is closed by 7468@DESKTOP-P0UA02U

------------------------------------------------------------------------------------------------------------------------

[2023-12-14 17:47:36 #1 store] 
Database 'C:\Users\eagullo\Documents\DAM2\workspace\UD1 - Ejemplos ObjectDB [Eclipse Java]\UD1 - Ejemplos ObjectDB [Eclipse Java]\data\campeonato.odb' is opened by 716@DESKTOP-P0UA02U

[2023-12-14 17:47:36 #2 store] 
Configuration path: ?

[2023-12-14 17:47:36 #3 type] 
Type modelo.Jugador is not enhanced.

[2023-12-14 17:47:36 #4 type] 
Type modelo.Equipo is not enhanced.

[2023-12-14 17:47:36 #5 type] 
Type modelo.Partido is not enhanced.

------------------------------------------------------------------------------------------------------------------------

[2023-12-14 17:47:47 #1 store] 
Database 'C:\Users\eagullo\Documents\DAM2\workspace\UD1 - Ejemplos ObjectDB [Eclipse Java]\UD1 - Ejemplos ObjectDB [Eclipse Java]\data\campeonato.odb' is opened by 2044@DESKTOP-P0UA02U

[2023-12-14 17:47:47 #2 store] 
Configuration path: ?

[2023-12-14 17:47:47 #3 type] 
Type modelo.Jugador is not enhanced.

[2023-12-14 17:47:47 #4 type] 
Type modelo.Equipo is not enhanced.

[2023-12-14 17:47:47 #5 type] 
Type modelo.Partido is not enhanced.

[2023-12-14 17:47:47 #6 store] 
Database 'C:\Users\eagullo\Documents\DAM2\workspace\UD1 - Ejemplos ObjectDB [Eclipse Java]\UD1 - Ejemplos ObjectDB [Eclipse Java]\data\campeonato.odb' is closed by 2044@DESKTOP-P0UA02U

------------------------------------------------------------------------------------------------------------------------

[2023-12-14 18:37:45 #1 store] 
Database 'C:\Users\eagullo\Documents\DAM2\workspace\UD1 - Ejemplos ObjectDB [Eclipse Java]\UD1 - Ejemplos ObjectDB [Eclipse Java]\data\campeonato.odb' is opened by 3136@DESKTOP-P0UA02U

[2023-12-14 18:37:45 #2 store] 
Configuration path: ?

[2023-12-14 18:37:45 #3 type] 
Type modelo.Jugador is not enhanced.

[2023-12-14 18:37:45 #4 type] 
Type modelo.Equipo is not enhanced.

[2023-12-14 18:37:45 #5 type] 
Type modelo.Partido is not enhanced.

------------------------------------------------------------------------------------------------------------------------

[2023-12-14 18:39:11 #1 store] 
Database 'C:\Users\eagullo\Documents\DAM2\workspace\UD1 - Ejemplos ObjectDB [Eclipse Java]\UD1 - Ejemplos ObjectDB [Eclipse Java]\data\campeonato.odb' is opened by 736@DESKTOP-P0UA02U

[2023-12-14 18:39:11 #2 store] 
Configuration path: ?

[2023-12-14 18:39:12 #3 type] 
Type modelo.Jugador is not enhanced.

[2023-12-14 18:39:12 #4 type] 
Type modelo.Equipo is not enhanced.

[2023-12-14 18:39:12 #5 type] 
Type modelo.Partido is not enhanced.

